2017/07/29 21:50:12 [W] [vhost.go:129] get hostname from http/https request error: malformed HTTP request "\x16\x03\x01\x01\"\x01\x00\x01\x1e\x03\x030\xdf\xd7(\xa0\x14\xb0U9F!\xf4\xffd\xa0ݐ\xd8\xe0%\xca\x05\x10&8\x9b\xaf\xc4\xc4\t\x82e\x00\x00\x88\xc00\xc0,\xc0(\xc0$\xc0\x14\xc0"
2017/07/29 21:50:20 [W] [vhost.go:129] get hostname from http/https request error: malformed HTTP request "\xff\xfd\x01"
2017/07/29 21:50:24 [W] [vhost.go:129] get hostname from http/https request error: malformed HTTP request "\xc0\x01\x01\x00\x8f\xfdU\xa9\x00\x00\x00\x17u\xebS< @BB\x89\xact\x97\x01\"a8o\xfdMS\xd8\xe2\xad"
2017/07/29 21:50:27 [W] [vhost.go:129] get hostname from http/https request error: read tcp 45.62.252.189:8080->118.193.31.179:38628: read: connection reset by peer
2017/07/29 21:50:30 [W] [vhost.go:129] get hostname from http/https request error: malformed HTTP request "\x00\x00\x00\x00\x00\x00\x00\x00\x00\x00\x00\x00\x00\x00\x00\x00\x00\x00\x00\x00\x00\x00\x00\x00\x00\x00\x00\x00\x00\x00\x00\x00\x00\x00\x00\x00\x00\x00\x00\x00\x00\x00\x00\x00\x00\x00\x00\x00\x00\x00\x00\x00\x00\x00\x00\x00"
2017/07/29 21:50:31 [W] [vhost.go:129] get hostname from http/https request error: malformed HTTP request "\x05d\x05\xc9\x00\x00\x00\x006L\x05d\x05\xc9\x01\x00\x00\x00ގ\x05d\x05\xc9\x02\x00\x00\x00\x9f\x84\x05d\x05\xc9\x03\x00\x00\x00wF\x05d\x05\xc9\x04\x00\x00\x00\x1d\x90\x05d\x05\xc9\x05\x00\x00\x00\xf5R\x05d\x05\xc9\x06\x00\x00\x00\xb4X\x05d\x05\xc9\a\x00\x00\x00\\\x9a\x05d\x05\xc9\b\x00\x00\x00\x19\xb9\x05d\x05\xc9\t\x00\x00\x00\xf1{\x05d\x05\xc9"
2017/07/29 21:50:34 [W] [vhost.go:129] get hostname from http/https request error: malformed HTTP request "\x00Z\x00\x00\x01\x00\x00\x00\x016\x01,\x00\x00\b\x00\u007f\xff\u007f\b\x00\x00\x00\x01\x00 \x00:\x00\x00\x00\x00\x00\x00\x00\x00\x00\x00\x00\x00\x00\x00\x00\x004\xe6\x00\x00\x00\x01\x00\x00\x00\x00\x00\x00\x00\x00(CONNECT_DATA=(COMMAND=version))"
2017/07/29 21:50:35 [W] [vhost.go:129] get hostname from http/https request error: malformed HTTP version "1 -1 fox hello"
2017/07/29 21:50:35 [W] [vhost.go:129] get hostname from http/https request error: malformed HTTP version "RTSP/1.0"
2017/07/29 21:50:39 [W] [vhost.go:129] get hostname from http/https request error: malformed HTTP version "0.12\x00\x02\x00"
2017/07/29 21:50:42 [W] [vhost.go:129] get hostname from http/https request error: malformed HTTP request "\x00\x00\x00\x00\x00\x05\x00+\x0e\x01\x00"
2017/07/29 21:50:46 [W] [vhost.go:129] get hostname from http/https request error: malformed HTTP request "\xcc\x01\x00\v@\x02\x00\x00G\xee"
2017/07/29 21:50:46 [W] [vhost.go:129] get hostname from http/https request error: malformed HTTP request "stats"
2017/07/29 21:50:49 [W] [vhost.go:129] get hostname from http/https request error: malformed HTTP request "\x00root\x00root\x00vt100/9600\x00"
2017/07/29 21:50:53 [W] [vhost.go:129] get hostname from http/https request error: malformed HTTP request "c\x00\x00\x00\x00\x00\x00\x00\x00\x00\x00\x00\x00\x00\x00\x00\xc1\u07be\xd1\x00\x00\x00\x00"
2017/07/29 21:50:56 [W] [vhost.go:129] get hostname from http/https request error: malformed HTTP request "\x00\x00\x00[\x00\x03\x00\x00user\x00test\x00database\x00test\x00client_encoding\x00UNICODE\x00DateStyle\x00ISO\x00TimeZone\x00US/Pacific\x00\x00"
2017/07/29 21:50:56 [W] [vhost.go:129] get hostname from http/https request error: malformed HTTP request "\x03\x00\x00\"\x1d\xe0\x00\x00\x00\x00\x00Cookie: mstshash=A700"
2017/07/29 21:50:56 [W] [vhost.go:129] get hostname from http/https request error: malformed HTTP request "\x03\x00\x00\x16\x11\xe0\x00\x00\x00\x04\x00\xc1\x02\x01\x02\xc2\x02\x01\x00\xc0\x01"
2017/07/29 21:51:00 [W] [vhost.go:129] get hostname from http/https request error: malformed HTTP request "\x01\x01\x00\x1a\x00\x00\x00\x00x\x80\x00\x03\x00\fIBETH01N0_M\x00"
2017/07/29 21:51:00 [W] [vhost.go:129] get hostname from http/https request error: malformed HTTP request "W\x00\x00\x00\x00\x11\x11\a\x00\x00\xff\xff\x03\x00\x00\xfe\x03\x00\x00\x14\x00\x1c\b"
2017/07/29 21:51:01 [W] [vhost.go:129] get hostname from http/https request error: malformed HTTP request "@RSYNCD: 29"
2017/07/29 21:51:04 [W] [vhost.go:129] get hostname from http/https request error: malformed HTTP request "\xbb\xbb\x01\x00\x00\x00\x01"
2017/07/29 21:51:07 [W] [vhost.go:129] get hostname from http/https request error: read tcp 45.62.252.189:8080->118.193.31.179:55716: read: connection reset by peer
2017/07/29 21:51:10 [W] [vhost.go:129] get hostname from http/https request error: malformed HTTP request "\xa4\x00\x00\x00\x00\x00\x00\x00\b\x00\x00\x00\x00\x00\x00\x00\x00\x00\x00\x00\x00\x00\x00\x00\x00\x00\x00\x00\x00\x00\x00\x00"
2017/07/29 21:51:14 [W] [vhost.go:129] get hostname from http/https request error: malformed HTTP request "\x01\x01\x00\x00\x00\x00\x00\x00\x00\x00\x00\x00\x00\x04\x00\x05\x00\x00\x00\x00\x00\x00\x00\x00\x00\x00\x00\x00"
2017/07/29 21:51:14 [W] [vhost.go:129] get hostname from http/https request error: malformed HTTP request "INFO ALL"
2017/07/29 21:51:17 [W] [vhost.go:129] get hostname from http/https request error: malformed HTTP request "\x00\x04\x01+\x1b\x00"
2017/07/29 21:51:21 [W] [vhost.go:129] get hostname from http/https request error: malformed HTTP version "\x8d\x01\x00\x00\x00\x00\x00\x00\x00\x00\x00\x00\x00\x00\x00\x00\x00\x00\x00\xff\xff->\xfc\xbd\x1f\x90\xbcf\xa3\xb8\t\x9c\xab\x06\x00\x00\x00\x00\x00"
2017/07/29 21:51:24 [W] [vhost.go:129] get hostname from http/https request error: read tcp 45.62.252.189:8080->118.193.31.179:60129: read: connection reset by peer
2017/07/29 21:51:27 [W] [vhost.go:129] get hostname from http/https request error: malformed HTTP request "h\x04C\x00\x00\x00"
2017/07/29 21:51:31 [W] [vhost.go:129] get hostname from http/https request error: malformed HTTP request "DmdT\x00\x00\x00\x17\x00\x00\x00\x01\x00\x00\x00\x00\x11\x11\x00\x00\x00\x00\x00"
2017/07/29 21:51:34 [W] [vhost.go:129] get hostname from http/https request error: malformed HTTP request "FINS\x00\x00\x00\f\x00\x00\x00\x00\x00\x00\x00\x00\x00\x00\x00\x00"
2017/07/29 21:51:37 [W] [vhost.go:129] get hostname from http/https request error: malformed HTTP request "C\x00\x00\x00\x03\x00\x00\x00\xff\xff\xff\xff\xd4\a\x00\x00\x00\x00\x00\x00admin.$cmd\x00\x00\x00\x00\x00\xff\xff\xff\xff\x1c\x00\x00\x00\x01listDatabases\x00\x00\x00\x00\x00\x00\x00\xf0?\x00"
2017/07/29 21:51:40 [W] [vhost.go:129] get hostname from http/https request error: malformed HTTP request "0\f\x02\x01\x01`\a\x02\x01\x03\x04\x00\x80\x00"
2017/07/29 21:51:44 [W] [vhost.go:129] get hostname from http/https request error: malformed HTTP version "xmlns:stream='http://etherx.jabber.org/streams' xmlns='jabber:client' xml:lang='ru-RU' to='.' version='1.0'>"
2017/07/29 21:51:44 [W] [vhost.go:129] get hostname from http/https request error: malformed HTTP request "\x03printer"
